Test1/build/outputs/logs/manifest-merger-debug-report.txt
-- Merging decision tree log ---
manifest
ADDED from Try\Test1\AndroidManifest.xml:2:1-69:12
	package
		ADDED from Try\Test1\AndroidManifest.xml:3:5-31
	android:versionName
		ADDED from Try\Test1\AndroidManifest.xml:5:5-30
		INJECTED from Try\Test1\AndroidManifest.xml
		INJECTED from Try\Test1\AndroidManifest.xml
	android:versionCode
		ADDED from Try\Test1\AndroidManifest.xml:4:5-28
		INJECTED from Try\Test1\AndroidManifest.xml
		INJECTED from Try\Test1\AndroidManifest.xml
	xmlns:android
		ADDED from Try\Test1\AndroidManifest.xml:2:11-69
uses-sdk
ADDED from Try\Test1\AndroidManifest.xml:7:5-9:41
	android:targetSdkVersion
		ADDED from Try\Test1\AndroidManifest.xml:9:9-38
	android:minSdkVersion
		ADDED from Try\Test1\AndroidManifest.xml:8:9-35
uses-feature#0x00020000
ADDED from Try\Test1\AndroidManifest.xml:10:1-74
	android:glEsVersion
		ADDED from Try\Test1\AndroidManifest.xml:10:15-47
	android:required
		ADDED from Try\Test1\AndroidManifest.xml:10:48-71
application
ADDED from Try\Test1\AndroidManifest.xml:11:5-41:19
	android:label
		ADDED from Try\Test1\AndroidManifest.xml:15:9-41
	android:allowBackup
		ADDED from Try\Test1\AndroidManifest.xml:13:9-35
	android:icon
		ADDED from Try\Test1\AndroidManifest.xml:14:9-45
	android:theme
		ADDED from Try\Test1\AndroidManifest.xml:16:9-40
service#com.amap.api.location.APSService
ADDED from Try\Test1\AndroidManifest.xml:17:10-77
	android:name
		ADDED from Try\Test1\AndroidManifest.xml:17:19-66
meta-data#com.amap.api.v2.apikey
ADDED from Try\Test1\AndroidManifest.xml:18:9-19:44
	android:value
		ADDED from Try\Test1\AndroidManifest.xml:18:20-68
	android:name
		ADDED from Try\Test1\AndroidManifest.xml:19:5-42
activity#com.example.test.MainActivity
ADDED from Try\Test1\AndroidManifest.xml:21:9-29:20
	android:label
		ADDED from Try\Test1\AndroidManifest.xml:23:13-45
	android:name
		ADDED from Try\Test1\AndroidManifest.xml:22:13-41
intent-filter#android.intent.action.MAIN+android.intent.category.LAUNCHER
ADDED from Try\Test1\AndroidManifest.xml:24:13-28:29
action#android.intent.action.MAIN
ADDED from Try\Test1\AndroidManifest.xml:25:17-69
	android:name
		ADDED from Try\Test1\AndroidManifest.xml:25:25-66
category#android.intent.category.LAUNCHER
ADDED from Try\Test1\AndroidManifest.xml:27:17-77
	android:name
		ADDED from Try\Test1\AndroidManifest.xml:27:27-74
activity#com.example.test.SDFileActivity
ADDED from Try\Test1\AndroidManifest.xml:31:9-34:25
	android:label
		ADDED from Try\Test1\AndroidManifest.xml:33:13-45
	android:name
		ADDED from Try\Test1\AndroidManifest.xml:32:13-43
activity#com.example.test.OfflineMapActivity
ADDED from Try\Test1\AndroidManifest.xml:36:10-39:25
	android:label
		ADDED from Try\Test1\AndroidManifest.xml:38:13-45
	android:name
		ADDED from Try\Test1\AndroidManifest.xml:37:13-47
uses-permission#android.permission.INTERNET
ADDED from Try\Test1\AndroidManifest.xml:43:2-64
	android:name
		ADDED from Try\Test1\AndroidManifest.xml:43:19-61
uses-permission#android.permission.WRITE_EXTERNAL_STORAGE
ADDED from Try\Test1\AndroidManifest.xml:44:5-81
	android:name
		ADDED from Try\Test1\AndroidManifest.xml:44:22-78
uses-permission#android.permission.ACCESS_NETWORK_STATE
ADDED from Try\Test1\AndroidManifest.xml:45:5-79
	android:name
		ADDED from Try\Test1\AndroidManifest.xml:45:22-76
uses-permission#android.permission.ACCESS_WIFI_STATE
ADDED from Try\Test1\AndroidManifest.xml:46:5-76
	android:name
		ADDED from Try\Test1\AndroidManifest.xml:46:22-73
uses-permission#android.permission.READ_PHONE_STATE
ADDED from Try\Test1\AndroidManifest.xml:47:5-75
	android:name
		ADDED from Try\Test1\AndroidManifest.xml:47:22-72
uses-permission#android.permission.ACCESS_COARSE_LOCATION
ADDED from Try\Test1\AndroidManifest.xml:48:5-81
	android:name
		ADDED from Try\Test1\AndroidManifest.xml:48:22-78
uses-permission#android.permission.ACCESS_FINE_LOCATION
ADDED from Try\Test1\AndroidManifest.xml:49:5-79
	android:name
		ADDED from Try\Test1\AndroidManifest.xml:49:22-76
uses-permission#android.permission.ACCESS_LOCATION_EXTRA_COMMANDS
ADDED from Try\Test1\AndroidManifest.xml:50:5-89
	android:name
		ADDED from Try\Test1\AndroidManifest.xml:50:22-86
uses-permission#android.permission.CHANGE_WIFI_STATE
ADDED from Try\Test1\AndroidManifest.xml:52:5-76
	android:name
		ADDED from Try\Test1\AndroidManifest.xml:52:22-73